<?xml version="1.0" encoding="UTF-8"?>
<!-- Generated by org.testng.reporters.JUnitXMLReporter -->
<testsuite ignored="3" hostname="DELL3400" failures="0" tests="2" name="Test" time="0.061" errors="0" timestamp="2025-08-01T13:35:21 IST">
  <testcase classname="simplepackage.Grouping" name="method2" time="0.011"/>
  <testcase classname="simplepackage.Grouping" name="method3" time="0.001"/>
  <testcase classname="simplepackage.Grouping" name="method5" time="0.0">
    <ignored/>
  </testcase> <!-- method5 -->
  <testcase classname="simplepackage.Grouping" name="method4" time="0.0">
    <ignored/>
  </testcase> <!-- method4 -->
  <testcase classname="simplepackage.Grouping" name="method1" time="0.0">
    <ignored/>
  </testcase> <!-- method1 -->
</testsuite> <!-- Test -->
