<?xml version="1.0" encoding="UTF-8"?>
<testng-results ignored="0" total="1" passed="1" failed="0" skipped="0">
  <reporter-output>
  </reporter-output>
  <suite started-at="2025-08-11T13:28:47 IST" name="Default suite" finished-at="2025-08-11T13:28:59 IST" duration-ms="12676">
    <groups>
    </groups>
    <test started-at="2025-08-11T13:28:47 IST" name="Default test" finished-at="2025-08-11T13:28:59 IST" duration-ms="12676">
      <class name="simplepackage.Shadow_root">
        <test-method signature="Airline()[pri:0, instance:simplepackage.Shadow_root@1573f9fc]" started-at="2025-08-11T13:28:47 IST" name="Airline" finished-at="2025-08-11T13:28:59 IST" duration-ms="12623" status="PASS">
          <reporter-output>
          </reporter-output>
        </test-method> <!-- Airline -->
      </class> <!-- simplepackage.Shadow_root -->
    </test> <!-- Default test -->
  </suite> <!-- Default suite -->
</testng-results>
