<?xml version="1.0" encoding="UTF-8"?>
<testng-results ignored="0" total="1" passed="1" failed="0" skipped="0">
  <reporter-output>
    <line>
      <![CDATA[Test case is Pass]]>
    </line>
  </reporter-output>
  <suite started-at="2025-08-01T12:04:18 IST" name="Default suite" finished-at="2025-08-01T12:04:34 IST" duration-ms="15815">
    <groups>
    </groups>
    <test started-at="2025-08-01T12:04:18 IST" name="Default test" finished-at="2025-08-01T12:04:34 IST" duration-ms="15815">
      <class name="listeners_package.Testcase1">
        <test-method signature="testcase()[pri:0, instance:listeners_package.Testcase1@55182842]" started-at="2025-08-01T12:04:18 IST" name="testcase" finished-at="2025-08-01T12:04:33 IST" duration-ms="15226" status="PASS">
          <reporter-output>
            <line>
              <![CDATA[Test case is Pass]]>
            </line>
          </reporter-output>
        </test-method> <!-- testcase -->
      </class> <!-- listeners_package.Testcase1 -->
    </test> <!-- Default test -->
  </suite> <!-- Default suite -->
</testng-results>
